1543803224192	mozrunner::runner	INFO	Running command: "C:\\Program Files\\Mozilla Firefox\\firefox.exe" "-marionette" "-foreground" "-no-remote" "-profile" "C:\\Users\\hongji\\AppData\\Local\\Temp\\rust_mozprofile.CZqiuMrfFxvw"
1543803227594	Marionette	INFO	Listening on port 63941
1543803228014	Marionette	WARN	TLS certificate errors will be ignored for this session
[Child 7048, Chrome_ChildThread] WARNING[Parent 13648, Gecko_IOThread] WAR: pipe error:NING: pipe error: 109: file z:/build/bui 109: file z:/build/src/ipc/chromium/src/chrome/common/ipc_channel_win.cc,ld/build/src/ipc/chromium/src/chrome/common/ipc_chann line 346
el_win.cc, line 346
[Child 7048, Ch[Child 35856, Chrome_ChildThread] WARNING: pipe error: 109: file z:/b[Parent 17240, Gecko_IOThread] WARNING: pipe error: 109: file z:/build/build/src/ipc/chromium/src/chrome/common/ipc_channel_win.cc, line 346
[Child 28176, Chrome_ChildThread] WARNING: pipe error: 109: file z:/build/build/src/ipc/chromium/src/chrome/common/ipc_channel_win.cc, line 346
[Child 2[Child 8188, Chrome_ChildThread] WARNING: pipe error: 109: file z:/build/buconsole.error: BroadcastService: 
  receivedBroadcastMessage: handler for
  remote-settings/monitor_changes
  threw error:
  Message: Error: Polling for changes failed: NetworkError when attempting to fetch resource..
  Stack:
    remoteSettingsFunction/remoteSettings.pollChanges@resource://services-settings/remote-settings.js:721:13

[Parent 9320, Gecko_IOThread] WARNING: pipe error: 109: file z:/build/build/src/ipc/chromium/src/chrome/common/ipc_channel_win.cc, line 346
[Parent 9320, Gecko_IOThread] WARNING: pipe error: 109: file z:/build/build/src/ipc/chromium/src/chrome/common/ipc_channel_win.cc, line 346
[Child 26020, Chrome_ChildThread] WARNING: pipe error: 109: file z:/build/build/src/ipc/chromium/src/chrome/common/ipc_channel_win.cc, line 34[Child 5596,6
 [Child 26020Chrome_ChildThread] WARNING: pipe error: 109: file z:/build/build/src/ipc/chromium/src/chrome/common/ipc_channel_win.cc, line 346
[Child [Parent 9320, Gecko_IOThread] WARNING: pipe error: 109: file z:/build/build/src/ipc/chromium/src/chrome/common/ipc_channel_win.cc, line 346
[Child 37180, Chrome_ChildThread] WARNING: pipe error: 109: file z:/build/build/src/ipc/chromium/src/chrome/common/ipc_channel_win.cc, line 346
[Child 3711543826245556	Marionette	INFO	Stopped listening on port 64376
[GPU 2654
###!!! [Child][RunMessage] Error: Channel closing: too late to send/recv, messages will be lost

0, Chr
###!!! [Child][MessageChannel::SendAndWait] Error: Channel error: cannot send/recv

